# JRE version: OpenJDK Runtime Environment Temurin-17.0.4+8 (17.0.4+8) (build 17.0.4+8)
# Java VM: OpenJDK 64-Bit Server VM Temurin-17.0.4+8 (17.0.4+8, mixed mode, tiered, compressed oops, compressed class ptrs, parallel gc, windows-amd64)
GC Precious Log:
 CPUs: 8 total, 8 available
 Memory: 7934M
 Large Page Support: Disabled
 NUMA Support: Disabled
 Compressed Oops: Enabled (32-bit)
 Alignments: Space 512K, Generation 512K, Heap 2M
 Heap Min Capacity: 100M
 Heap Initial Capacity: 100M
 Heap Max Capacity: 1G
 Pre-touch: Disabled
 Parallel Workers: 8
Heap:
 PSYoungGen      total 9216K, used 5214K [0x00000000eab00000, 0x00000000eb700000, 0x0000000100000000)
  eden space 8192K, 51% used [0x00000000eab00000,0x00000000eaf1b7b8,0x00000000eb300000)
  from space 1024K, 98% used [0x00000000eb580000,0x00000000eb67c080,0x00000000eb680000)
  to   space 2048K, 0% used [0x00000000eb300000,0x00000000eb300000,0x00000000eb500000)
 ParOldGen       total 149504K, used 123679K [0x00000000c0000000, 0x00000000c9200000, 0x00000000eab00000)
  object space 149504K, 82% used [0x00000000c0000000,0x00000000c78c7c60,0x00000000c9200000)
 Metaspace       used 91203K, committed 92480K, reserved 1138688K
  class space    used 9273K, committed 9920K, reserved 1048576K
GC Heap History (20 events):
Event: 3012.602 GC heap before
{Heap before GC invocations=1252 (full 34):
 PSYoungGen      total 9216K, used 8819K [0x00000000eab00000, 0x00000000eb600000, 0x0000000100000000)
  eden space 8192K, 99% used [0x00000000eab00000,0x00000000eb2fbb98,0x00000000eb300000)
  from space 1024K, 62% used [0x00000000eb500000,0x00000000eb5a1210,0x00000000eb600000)
  to   space 1024K, 0% used [0x00000000eb400000,0x00000000eb400000,0x00000000eb500000)
 ParOldGen       total 149504K, used 116632K [0x00000000c0000000, 0x00000000c9200000, 0x00000000eab00000)
  object space 149504K, 78% used [0x00000000c0000000,0x00000000c71e6360,0x00000000c9200000)
 Metaspace       used 91072K, committed 92288K, reserved 1138688K
  class space    used 9270K, committed 9920K, reserved 1048576K
}
Event: 3012.603 GC heap after
{Heap after GC invocations=1252 (full 34):
 PSYoungGen      total 9216K, used 820K [0x00000000eab00000, 0x00000000eb580000, 0x0000000100000000)
  eden space 8192K, 0% used [0x00000000eab00000,0x00000000eab00000,0x00000000eb300000)
  from space 1024K, 80% used [0x00000000eb400000,0x00000000eb4cd200,0x00000000eb500000)
  to   space 512K, 0% used [0x00000000eb500000,0x00000000eb500000,0x00000000eb580000)
 ParOldGen       total 149504K, used 116809K [0x00000000c0000000, 0x00000000c9200000, 0x00000000eab00000)
  object space 149504K, 78% used [0x00000000c0000000,0x00000000c7212400,0x00000000c9200000)
 Metaspace       used 91072K, committed 92288K, reserved 1138688K
  class space    used 9270K, committed 9920K, reserved 1048576K
}
Event: 3012.620 GC heap before
{Heap before GC invocations=1253 (full 34):
 PSYoungGen      total 9216K, used 9012K [0x00000000eab00000, 0x00000000eb580000, 0x0000000100000000)
  eden space 8192K, 99% used [0x00000000eab00000,0x00000000eb2ffff0,0x00000000eb300000)
  from space 1024K, 80% used [0x00000000eb400000,0x00000000eb4cd200,0x00000000eb500000)
  to   space 512K, 0% used [0x00000000eb500000,0x00000000eb500000,0x00000000eb580000)
 ParOldGen       total 149504K, used 116809K [0x00000000c0000000, 0x00000000c9200000, 0x00000000eab00000)
  object space 149504K, 78% used [0x00000000c0000000,0x00000000c7212400,0x00000000c9200000)
 Metaspace       used 91074K, committed 92288K, reserved 1138688K
  class space    used 9270K, committed 9920K, reserved 1048576K
}
Event: 3012.622 GC heap after
{Heap after GC invocations=1253 (full 34):
 PSYoungGen      total 8704K, used 499K [0x00000000eab00000, 0x00000000eb600000, 0x0000000100000000)
  eden space 8192K, 0% used [0x00000000eab00000,0x00000000eab00000,0x00000000eb300000)
  from space 512K, 97% used [0x00000000eb500000,0x00000000eb57cd10,0x00000000eb580000)
  to   space 1536K, 0% used [0x00000000eb300000,0x00000000eb300000,0x00000000eb480000)
 ParOldGen       total 149504K, used 117438K [0x00000000c0000000, 0x00000000c9200000, 0x00000000eab00000)
  object space 149504K, 78% used [0x00000000c0000000,0x00000000c72af938,0x00000000c9200000)
 Metaspace       used 91074K, committed 92288K, reserved 1138688K
  class space    used 9270K, committed 9920K, reserved 1048576K
}
Event: 3012.636 GC heap before
{Heap before GC invocations=1254 (full 34):
 PSYoungGen      total 8704K, used 8691K [0x00000000eab00000, 0x00000000eb600000, 0x0000000100000000)
  eden space 8192K, 99% used [0x00000000eab00000,0x00000000eb2fffd0,0x00000000eb300000)
  from space 512K, 97% used [0x00000000eb500000,0x00000000eb57cd10,0x00000000eb580000)
  to   space 1536K, 0% used [0x00000000eb300000,0x00000000eb300000,0x00000000eb480000)
 ParOldGen       total 149504K, used 117438K [0x00000000c0000000, 0x00000000c9200000, 0x00000000eab00000)
  object space 149504K, 78% used [0x00000000c0000000,0x00000000c72af938,0x00000000c9200000)
 Metaspace       used 91082K, committed 92288K, reserved 1138688K
  class space    used 9270K, committed 9920K, reserved 1048576K
}
Event: 3012.637 GC heap after
{Heap after GC invocations=1254 (full 34):
 PSYoungGen      total 9728K, used 1450K [0x00000000eab00000, 0x00000000eb600000, 0x0000000100000000)
  eden space 8192K, 0% used [0x00000000eab00000,0x00000000eab00000,0x00000000eb300000)
  from space 1536K, 94% used [0x00000000eb300000,0x00000000eb46aaf8,0x00000000eb480000)
  to   space 1536K, 0% used [0x00000000eb480000,0x00000000eb480000,0x00000000eb600000)
 ParOldGen       total 149504K, used 117871K [0x00000000c0000000, 0x00000000c9200000, 0x00000000eab00000)
  object space 149504K, 78% used [0x00000000c0000000,0x00000000c731bd68,0x00000000c9200000)
 Metaspace       used 91082K, committed 92288K, reserved 1138688K
  class space    used 9270K, committed 9920K, reserved 1048576K
}
Event: 3012.675 GC heap before
{Heap before GC invocations=1255 (full 34):
 PSYoungGen      total 9728K, used 9642K [0x00000000eab00000, 0x00000000eb600000, 0x0000000100000000)
  eden space 8192K, 100% used [0x00000000eab00000,0x00000000eb300000,0x00000000eb300000)
  from space 1536K, 94% used [0x00000000eb300000,0x00000000eb46aaf8,0x00000000eb480000)
  to   space 1536K, 0% used [0x00000000eb480000,0x00000000eb480000,0x00000000eb600000)
 ParOldGen       total 149504K, used 117871K [0x00000000c0000000, 0x00000000c9200000, 0x00000000eab00000)
  object space 149504K, 78% used [0x00000000c0000000,0x00000000c731bd68,0x00000000c9200000)
 Metaspace       used 91098K, committed 92352K, reserved 1138688K
  class space    used 9270K, committed 9920K, reserved 1048576K
}
Event: 3012.677 GC heap after
{Heap after GC invocations=1255 (full 34):
 PSYoungGen      total 9216K, used 656K [0x00000000eab00000, 0x00000000eb580000, 0x0000000100000000)
  eden space 8192K, 0% used [0x00000000eab00000,0x00000000eab00000,0x00000000eb300000)
  from space 1024K, 64% used [0x00000000eb480000,0x00000000eb524030,0x00000000eb580000)
  to   space 1024K, 0% used [0x00000000eb380000,0x00000000eb380000,0x00000000eb480000)
 ParOldGen       total 149504K, used 119072K [0x00000000c0000000, 0x00000000c9200000, 0x00000000eab00000)
  object space 149504K, 79% used [0x00000000c0000000,0x00000000c74481a8,0x00000000c9200000)
 Metaspace       used 91098K, committed 92352K, reserved 1138688K
  class space    used 9270K, committed 9920K, reserved 1048576K
}
Event: 3012.716 GC heap before
{Heap before GC invocations=1256 (full 34):
 PSYoungGen      total 9216K, used 8848K [0x00000000eab00000, 0x00000000eb580000, 0x0000000100000000)
  eden space 8192K, 99% used [0x00000000eab00000,0x00000000eb2ffff8,0x00000000eb300000)
  from space 1024K, 64% used [0x00000000eb480000,0x00000000eb524030,0x00000000eb580000)
  to   space 1024K, 0% used [0x00000000eb380000,0x00000000eb380000,0x00000000eb480000)
 ParOldGen       total 149504K, used 119072K [0x00000000c0000000, 0x00000000c9200000, 0x00000000eab00000)
  object space 149504K, 79% used [0x00000000c0000000,0x00000000c74481a8,0x00000000c9200000)
 Metaspace       used 91127K, committed 92416K, reserved 1138688K
  class space    used 9270K, committed 9920K, reserved 1048576K
}
Event: 3012.719 GC heap after
{Heap after GC invocations=1256 (full 34):
 PSYoungGen      total 9216K, used 1008K [0x00000000eab00000, 0x00000000eb700000, 0x0000000100000000)
  eden space 8192K, 0% used [0x00000000eab00000,0x00000000eab00000,0x00000000eb300000)
  from space 1024K, 98% used [0x00000000eb380000,0x00000000eb47c1f0,0x00000000eb480000)
  to   space 2048K, 0% used [0x00000000eb500000,0x00000000eb500000,0x00000000eb700000)
 ParOldGen       total 149504K, used 119656K [0x00000000c0000000, 0x00000000c9200000, 0x00000000eab00000)
  object space 149504K, 80% used [0x00000000c0000000,0x00000000c74da288,0x00000000c9200000)
 Metaspace       used 91127K, committed 92416K, reserved 1138688K
  class space    used 9270K, committed 9920K, reserved 1048576K
}
Event: 3012.759 GC heap before
{Heap before GC invocations=1257 (full 34):
 PSYoungGen      total 9216K, used 9200K [0x00000000eab00000, 0x00000000eb700000, 0x0000000100000000)
  eden space 8192K, 100% used [0x00000000eab00000,0x00000000eb300000,0x00000000eb300000)
  from space 1024K, 98% used [0x00000000eb380000,0x00000000eb47c1f0,0x00000000eb480000)
  to   space 2048K, 0% used [0x00000000eb500000,0x00000000eb500000,0x00000000eb700000)
 ParOldGen       total 149504K, used 119656K [0x00000000c0000000, 0x00000000c9200000, 0x00000000eab00000)
  object space 149504K, 80% used [0x00000000c0000000,0x00000000c74da288,0x00000000c9200000)
 Metaspace       used 91155K, committed 92416K, reserved 1138688K
  class space    used 9272K, committed 9920K, reserved 1048576K
}
Event: 3012.760 GC heap after
{Heap after GC invocations=1257 (full 34):
 PSYoungGen      total 9728K, used 1268K [0x00000000eab00000, 0x00000000eb680000, 0x0000000100000000)
  eden space 8192K, 0% used [0x00000000eab00000,0x00000000eab00000,0x00000000eb300000)
  from space 1536K, 82% used [0x00000000eb500000,0x00000000eb63d238,0x00000000eb680000)
  to   space 1536K, 0% used [0x00000000eb380000,0x00000000eb380000,0x00000000eb500000)
 ParOldGen       total 149504K, used 120192K [0x00000000c0000000, 0x00000000c9200000, 0x00000000eab00000)
  object space 149504K, 80% used [0x00000000c0000000,0x00000000c7560060,0x00000000c9200000)
 Metaspace       used 91155K, committed 92416K, reserved 1138688K
  class space    used 9272K, committed 9920K, reserved 1048576K
}
Event: 3012.942 GC heap before
{Heap before GC invocations=1258 (full 34):
 PSYoungGen      total 9728K, used 9460K [0x00000000eab00000, 0x00000000eb680000, 0x0000000100000000)
  eden space 8192K, 100% used [0x00000000eab00000,0x00000000eb300000,0x00000000eb300000)
  from space 1536K, 82% used [0x00000000eb500000,0x00000000eb63d238,0x00000000eb680000)
  to   space 1536K, 0% used [0x00000000eb380000,0x00000000eb380000,0x00000000eb500000)
 ParOldGen       total 149504K, used 120192K [0x00000000c0000000, 0x00000000c9200000, 0x00000000eab00000)
  object space 149504K, 80% used [0x00000000c0000000,0x00000000c7560060,0x00000000c9200000)
 Metaspace       used 91164K, committed 92416K, reserved 1138688K
  class space    used 9273K, committed 9920K, reserved 1048576K
}
Event: 3012.944 GC heap after
{Heap after GC invocations=1258 (full 34):
 PSYoungGen      total 9728K, used 1518K [0x00000000eab00000, 0x00000000eb900000, 0x0000000100000000)
  eden space 8192K, 0% used [0x00000000eab00000,0x00000000eab00000,0x00000000eb300000)
  from space 1536K, 98% used [0x00000000eb380000,0x00000000eb4fbb00,0x00000000eb500000)
  to   space 3072K, 0% used [0x00000000eb600000,0x00000000eb600000,0x00000000eb900000)
 ParOldGen       total 149504K, used 121216K [0x00000000c0000000, 0x00000000c9200000, 0x00000000eab00000)
  object space 149504K, 81% used [0x00000000c0000000,0x00000000c7660160,0x00000000c9200000)
 Metaspace       used 91164K, committed 92416K, reserved 1138688K
  class space    used 9273K, committed 9920K, reserved 1048576K
}
Event: 3013.069 GC heap before
{Heap before GC invocations=1259 (full 34):
 PSYoungGen      total 9728K, used 9710K [0x00000000eab00000, 0x00000000eb900000, 0x0000000100000000)
  eden space 8192K, 99% used [0x00000000eab00000,0x00000000eb2fff58,0x00000000eb300000)
  from space 1536K, 98% used [0x00000000eb380000,0x00000000eb4fbb00,0x00000000eb500000)
  to   space 3072K, 0% used [0x00000000eb600000,0x00000000eb600000,0x00000000eb900000)
 ParOldGen       total 149504K, used 121216K [0x00000000c0000000, 0x00000000c9200000, 0x00000000eab00000)
  object space 149504K, 81% used [0x00000000c0000000,0x00000000c7660160,0x00000000c9200000)
 Metaspace       used 91165K, committed 92416K, reserved 1138688K
  class space    used 9273K, committed 9920K, reserved 1048576K
}
Event: 3013.070 GC heap after
{Heap after GC invocations=1259 (full 34):
 PSYoungGen      total 9216K, used 973K [0x00000000eab00000, 0x00000000eb700000, 0x0000000100000000)
  eden space 8192K, 0% used [0x00000000eab00000,0x00000000eab00000,0x00000000eb300000)
  from space 1024K, 95% used [0x00000000eb600000,0x00000000eb6f3610,0x00000000eb700000)
  to   space 2048K, 0% used [0x00000000eb300000,0x00000000eb300000,0x00000000eb500000)
 ParOldGen       total 149504K, used 122304K [0x00000000c0000000, 0x00000000c9200000, 0x00000000eab00000)
  object space 149504K, 81% used [0x00000000c0000000,0x00000000c7770190,0x00000000c9200000)
 Metaspace       used 91165K, committed 92416K, reserved 1138688K
  class space    used 9273K, committed 9920K, reserved 1048576K
}
Event: 3013.095 GC heap before
{Heap before GC invocations=1260 (full 34):
 PSYoungGen      total 9216K, used 9165K [0x00000000eab00000, 0x00000000eb700000, 0x0000000100000000)
  eden space 8192K, 100% used [0x00000000eab00000,0x00000000eb300000,0x00000000eb300000)
  from space 1024K, 95% used [0x00000000eb600000,0x00000000eb6f3610,0x00000000eb700000)
  to   space 2048K, 0% used [0x00000000eb300000,0x00000000eb300000,0x00000000eb500000)
 ParOldGen       total 149504K, used 122304K [0x00000000c0000000, 0x00000000c9200000, 0x00000000eab00000)
  object space 149504K, 81% used [0x00000000c0000000,0x00000000c7770190,0x00000000c9200000)
 Metaspace       used 91168K, committed 92416K, reserved 1138688K
  class space    used 9273K, committed 9920K, reserved 1048576K
}
Event: 3013.097 GC heap after
{Heap after GC invocations=1260 (full 34):
 PSYoungGen      total 10240K, used 862K [0x00000000eab00000, 0x00000000eb680000, 0x0000000100000000)
  eden space 8192K, 0% used [0x00000000eab00000,0x00000000eab00000,0x00000000eb300000)
  from space 2048K, 42% used [0x00000000eb300000,0x00000000eb3d7b30,0x00000000eb500000)
  to   space 1024K, 0% used [0x00000000eb580000,0x00000000eb580000,0x00000000eb680000)
 ParOldGen       total 149504K, used 123042K [0x00000000c0000000, 0x00000000c9200000, 0x00000000eab00000)
  object space 149504K, 82% used [0x00000000c0000000,0x00000000c7828990,0x00000000c9200000)
 Metaspace       used 91168K, committed 92416K, reserved 1138688K
  class space    used 9273K, committed 9920K, reserved 1048576K
}
Event: 3013.199 GC heap before
{Heap before GC invocations=1261 (full 34):
 PSYoungGen      total 10240K, used 9054K [0x00000000eab00000, 0x00000000eb680000, 0x0000000100000000)
  eden space 8192K, 100% used [0x00000000eab00000,0x00000000eb300000,0x00000000eb300000)
  from space 2048K, 42% used [0x00000000eb300000,0x00000000eb3d7b30,0x00000000eb500000)
  to   space 1024K, 0% used [0x00000000eb580000,0x00000000eb580000,0x00000000eb680000)
 ParOldGen       total 149504K, used 123042K [0x00000000c0000000, 0x00000000c9200000, 0x00000000eab00000)
  object space 149504K, 82% used [0x00000000c0000000,0x00000000c7828990,0x00000000c9200000)
 Metaspace       used 91197K, committed 92480K, reserved 1138688K
  class space    used 9273K, committed 9920K, reserved 1048576K
}
Event: 3013.202 GC heap after
{Heap after GC invocations=1261 (full 34):
 PSYoungGen      total 9216K, used 1008K [0x00000000eab00000, 0x00000000eb700000, 0x0000000100000000)
  eden space 8192K, 0% used [0x00000000eab00000,0x00000000eab00000,0x00000000eb300000)
  from space 1024K, 98% used [0x00000000eb580000,0x00000000eb67c080,0x00000000eb680000)
  to   space 2048K, 0% used [0x00000000eb300000,0x00000000eb300000,0x00000000eb500000)
 ParOldGen       total 149504K, used 123679K [0x00000000c0000000, 0x00000000c9200000, 0x00000000eab00000)
  object space 149504K, 82% used [0x00000000c0000000,0x00000000c78c7c60,0x00000000c9200000)
 Metaspace       used 91197K, committed 92480K, reserved 1138688K
  class space    used 9273K, committed 9920K, reserved 1048576K
}

