# JRE version: OpenJDK Runtime Environment Temurin-17.0.4+8 (17.0.4+8) (build 17.0.4+8)
# Java VM: OpenJDK 64-Bit Server VM Temurin-17.0.4+8 (17.0.4+8, mixed mode, emulated-client, tiered, compressed oops, compressed class ptrs, g1 gc, windows-amd64)
GC Precious Log:
 CPUs: 8 total, 8 available
 Memory: 7934M
 Large Page Support: Disabled
 NUMA Support: Disabled
 Compressed Oops: Enabled (32-bit)
 Heap Region Size: 1M
 Heap Min Capacity: 8M
 Heap Initial Capacity: 124M
 Heap Max Capacity: 1984M
 Pre-touch: Disabled
 Parallel Workers: 8
 Concurrent Workers: 2
 Concurrent Refinement Workers: 8
 Periodic GC: Disabled
Heap:
 garbage-first heap   total 112640K, used 33647K [0x0000000084000000, 0x0000000100000000)
  region size 1024K, 1 young (1024K), 0 survivors (0K)
 Metaspace       used 54051K, committed 54464K, reserved 1097728K
  class space    used 7148K, committed 7360K, reserved 1048576K
GC Heap History (20 events):
Event: 17348.685 GC heap before
{Heap before GC invocations=1669 (full 1639):
 garbage-first heap   total 112640K, used 33647K [0x0000000084000000, 0x0000000100000000)
  region size 1024K, 1 young (1024K), 0 survivors (0K)
 Metaspace       used 54051K, committed 54464K, reserved 1097728K
  class space    used 7148K, committed 7360K, reserved 1048576K
}
Event: 17348.732 GC heap after
{Heap after GC invocations=1670 (full 1640):
 garbage-first heap   total 112640K, used 33647K [0x0000000084000000, 0x0000000100000000)
  region size 1024K, 0 young (0K), 0 survivors (0K)
 Metaspace       used 54051K, committed 54464K, reserved 1097728K
  class space    used 7148K, committed 7360K, reserved 1048576K
}
Event: 17359.028 GC heap before
{Heap before GC invocations=1670 (full 1640):
 garbage-first heap   total 112640K, used 33647K [0x0000000084000000, 0x0000000100000000)
  region size 1024K, 1 young (1024K), 0 survivors (0K)
 Metaspace       used 54051K, committed 54464K, reserved 1097728K
  class space    used 7148K, committed 7360K, reserved 1048576K
}
Event: 17359.113 GC heap after
{Heap after GC invocations=1671 (full 1641):
 garbage-first heap   total 112640K, used 33647K [0x0000000084000000, 0x0000000100000000)
  region size 1024K, 0 young (0K), 0 survivors (0K)
 Metaspace       used 54051K, committed 54464K, reserved 1097728K
  class space    used 7148K, committed 7360K, reserved 1048576K
}
Event: 17369.396 GC heap before
{Heap before GC invocations=1671 (full 1641):
 garbage-first heap   total 112640K, used 33647K [0x0000000084000000, 0x0000000100000000)
  region size 1024K, 1 young (1024K), 0 survivors (0K)
 Metaspace       used 54051K, committed 54464K, reserved 1097728K
  class space    used 7148K, committed 7360K, reserved 1048576K
}
Event: 17369.449 GC heap after
{Heap after GC invocations=1672 (full 1642):
 garbage-first heap   total 112640K, used 33647K [0x0000000084000000, 0x0000000100000000)
  region size 1024K, 0 young (0K), 0 survivors (0K)
 Metaspace       used 54051K, committed 54464K, reserved 1097728K
  class space    used 7148K, committed 7360K, reserved 1048576K
}
Event: 17379.673 GC heap before
{Heap before GC invocations=1672 (full 1642):
 garbage-first heap   total 112640K, used 33647K [0x0000000084000000, 0x0000000100000000)
  region size 1024K, 1 young (1024K), 0 survivors (0K)
 Metaspace       used 54051K, committed 54464K, reserved 1097728K
  class space    used 7148K, committed 7360K, reserved 1048576K
}
Event: 17379.718 GC heap after
{Heap after GC invocations=1673 (full 1643):
 garbage-first heap   total 112640K, used 33647K [0x0000000084000000, 0x0000000100000000)
  region size 1024K, 0 young (0K), 0 survivors (0K)
 Metaspace       used 54051K, committed 54464K, reserved 1097728K
  class space    used 7148K, committed 7360K, reserved 1048576K
}
Event: 17390.137 GC heap before
{Heap before GC invocations=1673 (full 1643):
 garbage-first heap   total 112640K, used 33647K [0x0000000084000000, 0x0000000100000000)
  region size 1024K, 1 young (1024K), 0 survivors (0K)
 Metaspace       used 54051K, committed 54464K, reserved 1097728K
  class space    used 7148K, committed 7360K, reserved 1048576K
}
Event: 17390.189 GC heap after
{Heap after GC invocations=1674 (full 1644):
 garbage-first heap   total 112640K, used 33647K [0x0000000084000000, 0x0000000100000000)
  region size 1024K, 0 young (0K), 0 survivors (0K)
 Metaspace       used 54051K, committed 54464K, reserved 1097728K
  class space    used 7148K, committed 7360K, reserved 1048576K
}
Event: 17400.480 GC heap before
{Heap before GC invocations=1674 (full 1644):
 garbage-first heap   total 112640K, used 33647K [0x0000000084000000, 0x0000000100000000)
  region size 1024K, 1 young (1024K), 0 survivors (0K)
 Metaspace       used 54051K, committed 54464K, reserved 1097728K
  class space    used 7148K, committed 7360K, reserved 1048576K
}
Event: 17400.523 GC heap after
{Heap after GC invocations=1675 (full 1645):
 garbage-first heap   total 112640K, used 33647K [0x0000000084000000, 0x0000000100000000)
  region size 1024K, 0 young (0K), 0 survivors (0K)
 Metaspace       used 54051K, committed 54464K, reserved 1097728K
  class space    used 7148K, committed 7360K, reserved 1048576K
}
Event: 17410.811 GC heap before
{Heap before GC invocations=1675 (full 1645):
 garbage-first heap   total 112640K, used 33647K [0x0000000084000000, 0x0000000100000000)
  region size 1024K, 1 young (1024K), 0 survivors (0K)
 Metaspace       used 54051K, committed 54464K, reserved 1097728K
  class space    used 7148K, committed 7360K, reserved 1048576K
}
Event: 17410.890 GC heap after
{Heap after GC invocations=1676 (full 1646):
 garbage-first heap   total 112640K, used 33647K [0x0000000084000000, 0x0000000100000000)
  region size 1024K, 0 young (0K), 0 survivors (0K)
 Metaspace       used 54051K, committed 54464K, reserved 1097728K
  class space    used 7148K, committed 7360K, reserved 1048576K
}
Event: 17421.151 GC heap before
{Heap before GC invocations=1676 (full 1646):
 garbage-first heap   total 112640K, used 33647K [0x0000000084000000, 0x0000000100000000)
  region size 1024K, 1 young (1024K), 0 survivors (0K)
 Metaspace       used 54051K, committed 54464K, reserved 1097728K
  class space    used 7148K, committed 7360K, reserved 1048576K
}
Event: 17421.192 GC heap after
{Heap after GC invocations=1677 (full 1647):
 garbage-first heap   total 112640K, used 33647K [0x0000000084000000, 0x0000000100000000)
  region size 1024K, 0 young (0K), 0 survivors (0K)
 Metaspace       used 54051K, committed 54464K, reserved 1097728K
  class space    used 7148K, committed 7360K, reserved 1048576K
}
Event: 17431.458 GC heap before
{Heap before GC invocations=1677 (full 1647):
 garbage-first heap   total 112640K, used 33647K [0x0000000084000000, 0x0000000100000000)
  region size 1024K, 1 young (1024K), 0 survivors (0K)
 Metaspace       used 54051K, committed 54464K, reserved 1097728K
  class space    used 7148K, committed 7360K, reserved 1048576K
}
Event: 17431.505 GC heap after
{Heap after GC invocations=1678 (full 1648):
 garbage-first heap   total 112640K, used 33647K [0x0000000084000000, 0x0000000100000000)
  region size 1024K, 0 young (0K), 0 survivors (0K)
 Metaspace       used 54051K, committed 54464K, reserved 1097728K
  class space    used 7148K, committed 7360K, reserved 1048576K
}
Event: 17441.759 GC heap before
{Heap before GC invocations=1678 (full 1648):
 garbage-first heap   total 112640K, used 33647K [0x0000000084000000, 0x0000000100000000)
  region size 1024K, 1 young (1024K), 0 survivors (0K)
 Metaspace       used 54051K, committed 54464K, reserved 1097728K
  class space    used 7148K, committed 7360K, reserved 1048576K
}
Event: 17441.808 GC heap after
{Heap after GC invocations=1679 (full 1649):
 garbage-first heap   total 112640K, used 33647K [0x0000000084000000, 0x0000000100000000)
  region size 1024K, 0 young (0K), 0 survivors (0K)
 Metaspace       used 54051K, committed 54464K, reserved 1097728K
  class space    used 7148K, committed 7360K, reserved 1048576K
}

